#
# There is insufficient memory for the Java Runtime Environment to continue.
# Native memory allocation (mmap) failed to map 335544320 bytes for committing reserved memory.
# Possible reasons:
#   The system is out of physical RAM or swap space
#   In 32 bit mode, the process size limit was hit
# Possible solutions:
#   Reduce memory load on the system
#   Increase physical memory or swap space
#   Check if swap backing store is full
#   Use 64 bit Java on a 64 bit OS
#   Decrease Java heap size (-Xmx/-Xms)
#   Decrease number of Java threads
#   Decrease Java thread stack sizes (-Xss)
#   Set larger code cache with -XX:ReservedCodeCacheSize=
# This output file may be truncated or incomplete.
#
#  Out of Memory Error (os_linux.cpp:2643), pid=31061, tid=0x00007f8752f70700
#
# JRE version:  (8.0_151-b12) (build )
# Java VM: OpenJDK 64-Bit Server VM (25.151-b12 mixed mode linux-amd64 compressed oops)
# Failed to write core dump. Core dumps have been disabled. To enable core dumping, try "ulimit -c unlimited" before starting Java again
#

---------------  T H R E A D  ---------------

Current thread (0x00007f874c00a000):  JavaThread "Unknown thread" [_thread_in_vm, id=31062, stack(0x00007f8752e70000,0x00007f8752f71000)]

Stack: [0x00007f8752e70000,0x00007f8752f71000],  sp=0x00007f8752f6f5f0,  free space=1021k
Native frames: (J=compiled Java code, j=interpreted, Vv=VM code, C=native code)
V  [libjvm.so+0xa684eb]
V  [libjvm.so+0x4c579c]
V  [libjvm.so+0x8b6b50]
V  [libjvm.so+0x8b0fce]
V  [libjvm.so+0x92b806]
V  [libjvm.so+0x8d2600]
V  [libjvm.so+0x924191]
V  [libjvm.so+0x8dc015]
V  [libjvm.so+0xa2bac9]
V  [libjvm.so+0xa2bd12]
V  [libjvm.so+0x60f73f]
V  [libjvm.so+0xa1107a]
V  [libjvm.so+0x6898b2]  JNI_CreateJavaVM+0x62
C  [libjli.so+0x2f2e]
C  [libjli.so+0x73dd]
C  [libpthread.so.0+0x76ba]  start_thread+0xca


---------------  P R O C E S S  ---------------

Java Threads: ( => current thread )

Other Threads:

=>0x00007f874c00a000 (exited) JavaThread "Unknown thread" [_thread_in_vm, id=31062, stack(0x00007f8752e70000,0x00007f8752f71000)]

VM state:not at safepoint (not fully initialized)

VM Mutex/Monitor currently owned by a thread: None

GC Heap History (0 events):
No events

Deoptimization events (0 events):
No events

Internal exceptions (0 events):
No events

Events (0 events):
No events


Dynamic libraries:
00400000-00401000 r-xp 00000000 fd:00 5636384                            /usr/lib/jvm/java-8-openjdk-amd64/jre/bin/java
00600000-00601000 r--p 00000000 fd:00 5636384                            /usr/lib/jvm/java-8-openjdk-amd64/jre/bin/java
00601000-00602000 rw-p 00001000 fd:00 5636384                            /usr/lib/jvm/java-8-openjdk-amd64/jre/bin/java
02090000-020b1000 rw-p 00000000 00:00 0                                  [heap]
540000000-54a400000 rw-p 00000000 00:00 0 
54a400000-6eab00000 ---p 00000000 00:00 0 
6eab00000-6efd00000 rw-p 00000000 00:00 0 
6efd00000-7c0000000 ---p 00000000 00:00 0 
7f8714000000-7f8714021000 rw-p 00000000 00:00 0 
7f8714021000-7f8718000000 ---p 00000000 00:00 0 
7f8718000000-7f8718021000 rw-p 00000000 00:00 0 
7f8718021000-7f871c000000 ---p 00000000 00:00 0 
7f871c000000-7f871c021000 rw-p 00000000 00:00 0 
7f871c021000-7f8720000000 ---p 00000000 00:00 0 
7f8724000000-7f8724021000 rw-p 00000000 00:00 0 
7f8724021000-7f8728000000 ---p 00000000 00:00 0 
7f8728000000-7f8728021000 rw-p 00000000 00:00 0 
7f8728021000-7f872c000000 ---p 00000000 00:00 0 
7f872c000000-7f872c021000 rw-p 00000000 00:00 0 
7f872c021000-7f8730000000 ---p 00000000 00:00 0 
7f8730000000-7f8730021000 rw-p 00000000 00:00 0 
7f8730021000-7f8734000000 ---p 00000000 00:00 0 
7f8734000000-7f8734021000 rw-p 00000000 00:00 0 
7f8734021000-7f8738000000 ---p 00000000 00:00 0 
7f8739ba2000-7f8739ba3000 ---p 00000000 00:00 0 
7f8739ba3000-7f8739ca3000 rw-p 00000000 00:00 0 
7f8739ca3000-7f8739ca4000 ---p 00000000 00:00 0 
7f8739ca4000-7f8739da4000 rw-p 00000000 00:00 0 
7f8739da4000-7f8739da5000 ---p 00000000 00:00 0 
7f8739da5000-7f8739ea5000 rw-p 00000000 00:00 0 
7f8739ea5000-7f8739ea6000 ---p 00000000 00:00 0 
7f8739ea6000-7f8739fa6000 rw-p 00000000 00:00 0 
7f8739fa6000-7f8739fa7000 ---p 00000000 00:00 0 
7f8739fa7000-7f873a0a7000 rw-p 00000000 00:00 0 
7f873a0a7000-7f873a0a8000 ---p 00000000 00:00 0 
7f873a0a8000-7f873a1a8000 rw-p 00000000 00:00 0 
7f873a1a8000-7f873a1a9000 ---p 00000000 00:00 0 
7f873a1a9000-7f873a2fb000 rw-p 00000000 00:00 0 
7f873a2fb000-7f873afff000 ---p 00000000 00:00 0 
7f873afff000-7f873b051000 rw-p 00000000 00:00 0 
7f873b051000-7f873bd54000 ---p 00000000 00:00 0 
7f873bd54000-7f873bd7e000 rw-p 00000000 00:00 0 
7f873bd7e000-7f873c3ff000 ---p 00000000 00:00 0 
7f873c3ff000-7f873c40a000 rw-p 00000000 00:00 0 
7f873c40a000-7f873c7c0000 ---p 00000000 00:00 0 
7f873c7c0000-7f873ca30000 rwxp 00000000 00:00 0 
7f873ca30000-7f874b7c0000 ---p 00000000 00:00 0 
7f874b7c0000-7f874b7c8000 r-xp 00000000 fd:00 5636356                    /usr/lib/jvm/java-8-openjdk-amd64/jre/lib/amd64/libzip.so
7f874b7c8000-7f874b9c7000 ---p 00008000 fd:00 5636356                    /usr/lib/jvm/java-8-openjdk-amd64/jre/lib/amd64/libzip.so
7f874b9c7000-7f874b9c8000 r--p 00007000 fd:00 5636356                    /usr/lib/jvm/java-8-openjdk-amd64/jre/lib/amd64/libzip.so
7f874b9c8000-7f874b9c9000 rw-p 00008000 fd:00 5636356                    /usr/lib/jvm/java-8-openjdk-amd64/jre/lib/amd64/libzip.so
7f874b9c9000-7f874b9d4000 r-xp 00000000 fd:00 5378677                    /lib/x86_64-linux-gnu/libnss_files-2.23.so
7f874b9d4000-7f874bbd3000 ---p 0000b000 fd:00 5378677                    /lib/x86_64-linux-gnu/libnss_files-2.23.so
7f874bbd3000-7f874bbd4000 r--p 0000a000 fd:00 5378677                    /lib/x86_64-linux-gnu/libnss_files-2.23.so
7f874bbd4000-7f874bbd5000 rw-p 0000b000 fd:00 5378677                    /lib/x86_64-linux-gnu/libnss_files-2.23.so
7f874bbd5000-7f874bbdb000 rw-p 00000000 00:00 0 
7f874bbdb000-7f874bbe6000 r-xp 00000000 fd:00 5378882                    /lib/x86_64-linux-gnu/libnss_nis-2.23.so
7f874bbe6000-7f874bde5000 ---p 0000b000 fd:00 5378882                    /lib/x86_64-linux-gnu/libnss_nis-2.23.so
7f874bde5000-7f874bde6000 r--p 0000a000 fd:00 5378882                    /lib/x86_64-linux-gnu/libnss_nis-2.23.so
7f874bde6000-7f874bde7000 rw-p 0000b000 fd:00 5378882                    /lib/x86_64-linux-gnu/libnss_nis-2.23.so
7f874bde7000-7f874bdfd000 r-xp 00000000 fd:00 5374468                    /lib/x86_64-linux-gnu/libnsl-2.23.so
7f874bdfd000-7f874bffc000 ---p 00016000 fd:00 5374468                    /lib/x86_64-linux-gnu/libnsl-2.23.so
7f874bffc000-7f874bffd000 r--p 00015000 fd:00 5374468                    /lib/x86_64-linux-gnu/libnsl-2.23.so
7f874bffd000-7f874bffe000 rw-p 00016000 fd:00 5374468                    /lib/x86_64-linux-gnu/libnsl-2.23.so
7f874bffe000-7f874c000000 rw-p 00000000 00:00 0 
7f874c000000-7f874c043000 rw-p 00000000 00:00 0 
7f874c043000-7f8750000000 ---p 00000000 00:00 0 
7f8750031000-7f8750032000 ---p 00000000 00:00 0 
7f8750032000-7f8750132000 rw-p 00000000 00:00 0 
7f8750132000-7f875013a000 r-xp 00000000 fd:00 5378658                    /lib/x86_64-linux-gnu/libnss_compat-2.23.so
7f875013a000-7f8750339000 ---p 00008000 fd:00 5378658                    /lib/x86_64-linux-gnu/libnss_compat-2.23.so
7f8750339000-7f875033a000 r--p 00007000 fd:00 5378658                    /lib/x86_64-linux-gnu/libnss_compat-2.23.so
7f875033a000-7f875033b000 rw-p 00008000 fd:00 5378658                    /lib/x86_64-linux-gnu/libnss_compat-2.23.so
7f875033b000-7f8750368000 r-xp 00000000 fd:00 5636339                    /usr/lib/jvm/java-8-openjdk-amd64/jre/lib/amd64/libjava.so
7f8750368000-7f8750567000 ---p 0002d000 fd:00 5636339                    /usr/lib/jvm/java-8-openjdk-amd64/jre/lib/amd64/libjava.so
7f8750567000-7f8750568000 r--p 0002c000 fd:00 5636339                    /usr/lib/jvm/java-8-openjdk-amd64/jre/lib/amd64/libjava.so
7f8750568000-7f875056a000 rw-p 0002d000 fd:00 5636339                    /usr/lib/jvm/java-8-openjdk-amd64/jre/lib/amd64/libjava.so
7f875056a000-7f8750579000 r-xp 00000000 fd:00 5636354                    /usr/lib/jvm/java-8-openjdk-amd64/jre/lib/amd64/libverify.so
7f8750579000-7f8750778000 ---p 0000f000 fd:00 5636354                    /usr/lib/jvm/java-8-openjdk-amd64/jre/lib/amd64/libverify.so
7f8750778000-7f875077a000 r--p 0000e000 fd:00 5636354                    /usr/lib/jvm/java-8-openjdk-amd64/jre/lib/amd64/libverify.so
7f875077a000-7f875077b000 rw-p 00010000 fd:00 5636354                    /usr/lib/jvm/java-8-openjdk-amd64/jre/lib/amd64/libverify.so
7f875077b000-7f8750782000 r-xp 00000000 fd:00 5378883                    /lib/x86_64-linux-gnu/librt-2.23.so
7f8750782000-7f8750981000 ---p 00007000 fd:00 5378883                    /lib/x86_64-linux-gnu/librt-2.23.so
7f8750981000-7f8750982000 r--p 00006000 fd:00 5378883                    /lib/x86_64-linux-gnu/librt-2.23.so
7f8750982000-7f8750983000 rw-p 00007000 fd:00 5378883                    /lib/x86_64-linux-gnu/librt-2.23.so
7f8750983000-7f8750999000 r-xp 00000000 fd:00 5378533                    /lib/x86_64-linux-gnu/libgcc_s.so.1
7f8750999000-7f8750b98000 ---p 00016000 fd:00 5378533                    /lib/x86_64-linux-gnu/libgcc_s.so.1
7f8750b98000-7f8750b99000 rw-p 00015000 fd:00 5378533                    /lib/x86_64-linux-gnu/libgcc_s.so.1
7f8750b99000-7f8750ca1000 r-xp 00000000 fd:00 5374125                    /lib/x86_64-linux-gnu/libm-2.23.so
7f8750ca1000-7f8750ea0000 ---p 00108000 fd:00 5374125                    /lib/x86_64-linux-gnu/libm-2.23.so
7f8750ea0000-7f8750ea1000 r--p 00107000 fd:00 5374125                    /lib/x86_64-linux-gnu/libm-2.23.so
7f8750ea1000-7f8750ea2000 rw-p 00108000 fd:00 5374125                    /lib/x86_64-linux-gnu/libm-2.23.so
7f8750ea2000-7f8751014000 r-xp 00000000 fd:00 5637132                    /usr/lib/x86_64-linux-gnu/libstdc++.so.6.0.21
7f8751014000-7f8751214000 ---p 00172000 fd:00 5637132                    /usr/lib/x86_64-linux-gnu/libstdc++.so.6.0.21
7f8751214000-7f875121e000 r--p 00172000 fd:00 5637132                    /usr/lib/x86_64-linux-gnu/libstdc++.so.6.0.21
7f875121e000-7f8751220000 rw-p 0017c000 fd:00 5637132                    /usr/lib/x86_64-linux-gnu/libstdc++.so.6.0.21
7f8751220000-7f8751224000 rw-p 00000000 00:00 0 
7f8751224000-7f8751e76000 r-xp 00000000 fd:00 5636349                    /usr/lib/jvm/java-8-openjdk-amd64/jre/lib/amd64/server/libjvm.so
7f8751e76000-7f8752076000 ---p 00c52000 fd:00 5636349                    /usr/lib/jvm/java-8-openjdk-amd64/jre/lib/amd64/server/libjvm.so
7f8752076000-7f8752109000 r--p 00c52000 fd:00 5636349                    /usr/lib/jvm/java-8-openjdk-amd64/jre/lib/amd64/server/libjvm.so
7f8752109000-7f8752132000 rw-p 00ce5000 fd:00 5636349                    /usr/lib/jvm/java-8-openjdk-amd64/jre/lib/amd64/server/libjvm.so
7f8752132000-7f8752162000 rw-p 00000000 00:00 0 
7f8752162000-7f875217a000 r-xp 00000000 fd:00 5378631                    /lib/x86_64-linux-gnu/libpthread-2.23.so
7f875217a000-7f8752379000 ---p 00018000 fd:00 5378631                    /lib/x86_64-linux-gnu/libpthread-2.23.so
7f8752379000-7f875237a000 r--p 00017000 fd:00 5378631                    /lib/x86_64-linux-gnu/libpthread-2.23.so
7f875237a000-7f875237b000 rw-p 00018000 fd:00 5378631                    /lib/x86_64-linux-gnu/libpthread-2.23.so
7f875237b000-7f875237f000 rw-p 00000000 00:00 0 
7f875237f000-7f8752382000 r-xp 00000000 fd:00 5378634                    /lib/x86_64-linux-gnu/libdl-2.23.so
7f8752382000-7f8752581000 ---p 00003000 fd:00 5378634                    /lib/x86_64-linux-gnu/libdl-2.23.so
7f8752581000-7f8752582000 r--p 00002000 fd:00 5378634                    /lib/x86_64-linux-gnu/libdl-2.23.so
7f8752582000-7f8752583000 rw-p 00003000 fd:00 5378634                    /lib/x86_64-linux-gnu/libdl-2.23.so
7f8752583000-7f875259c000 r-xp 00000000 fd:00 5378506                    /lib/x86_64-linux-gnu/libz.so.1.2.8
7f875259c000-7f875279b000 ---p 00019000 fd:00 5378506                    /lib/x86_64-linux-gnu/libz.so.1.2.8
7f875279b000-7f875279c000 r--p 00018000 fd:00 5378506                    /lib/x86_64-linux-gnu/libz.so.1.2.8
7f875279c000-7f875279d000 rw-p 00019000 fd:00 5378506                    /lib/x86_64-linux-gnu/libz.so.1.2.8
7f875279d000-7f875295d000 r-xp 00000000 fd:00 5378632                    /lib/x86_64-linux-gnu/libc-2.23.so
7f875295d000-7f8752b5d000 ---p 001c0000 fd:00 5378632                    /lib/x86_64-linux-gnu/libc-2.23.so
7f8752b5d000-7f8752b61000 r--p 001c0000 fd:00 5378632                    /lib/x86_64-linux-gnu/libc-2.23.so
7f8752b61000-7f8752b63000 rw-p 001c4000 fd:00 5378632                    /lib/x86_64-linux-gnu/libc-2.23.so
7f8752b63000-7f8752b67000 rw-p 00000000 00:00 0 
7f8752b67000-7f8752b74000 r-xp 00000000 fd:00 5636352                    /usr/lib/jvm/java-8-openjdk-amd64/jre/lib/amd64/jli/libjli.so
7f8752b74000-7f8752d74000 ---p 0000d000 fd:00 5636352                    /usr/lib/jvm/java-8-openjdk-amd64/jre/lib/amd64/jli/libjli.so
7f8752d74000-7f8752d75000 r--p 0000d000 fd:00 5636352                    /usr/lib/jvm/java-8-openjdk-amd64/jre/lib/amd64/jli/libjli.so
7f8752d75000-7f8752d76000 rw-p 0000e000 fd:00 5636352                    /usr/lib/jvm/java-8-openjdk-amd64/jre/lib/amd64/jli/libjli.so
7f8752d76000-7f8752d9c000 r-xp 00000000 fd:00 5374758                    /lib/x86_64-linux-gnu/ld-2.23.so
7f8752e70000-7f8752e73000 ---p 00000000 00:00 0 
7f8752e73000-7f8752f75000 rw-p 00000000 00:00 0 
7f8752f90000-7f8752f98000 rw-s 00000000 fd:00 5509631                    /tmp/hsperfdata_dimitrios/31061
7f8752f98000-7f8752f99000 rw-p 00000000 00:00 0 
7f8752f99000-7f8752f9a000 r--p 00000000 00:00 0 
7f8752f9a000-7f8752f9b000 rw-p 00000000 00:00 0 
7f8752f9b000-7f8752f9c000 r--p 00025000 fd:00 5374758                    /lib/x86_64-linux-gnu/ld-2.23.so
7f8752f9c000-7f8752f9d000 rw-p 00026000 fd:00 5374758                    /lib/x86_64-linux-gnu/ld-2.23.so
7f8752f9d000-7f8752f9e000 rw-p 00000000 00:00 0 
7ffdb6cda000-7ffdb6cfc000 rw-p 00000000 00:00 0                          [stack]
7ffdb6d6b000-7ffdb6d6e000 r--p 00000000 00:00 0                          [vvar]
7ffdb6d6e000-7ffdb6d70000 r-xp 00000000 00:00 0                          [vdso]
ffffffffff600000-ffffffffff601000 r-xp 00000000 00:00 0                  [vsyscall]

VM Arguments:
jvm_args: -Xmx10g 
java_command: edu.stanford.nlp.tagger.maxent.MaxentTagger -model /home/dimitrios/Development_Workspace/Standford_POS_Tagger_Full/models/english-left3words-distsim.tagger -textFile /tmp/tmpYkquwP -tokenize false -outputFormatOptions keepEmptySentences -encoding utf8
java_class_path (initial): /home/dimitrios/Development_Workspace/Standford_POS_Tagger_Full/stanford-postagger.jar
Launcher Type: SUN_STANDARD

Environment Variables:
CLASSPATH=/home/dimitrios/Development_Workspace/Standford_POS_Tagger_Full/
PATH=/home/dimitrios/bin:/home/dimitrios/.local/bin:/home/dimitrios/bin:/home/dimitrios/.local/bin:/usr/local/sbin:/usr/local/bin:/usr/sbin:/usr/bin:/sbin:/bin:/usr/games:/usr/local/games:/snap/bin
SHELL=/bin/bash
DISPLAY=:0

Signal Handlers:
SIGSEGV: [libjvm.so+0xa69040], sa_mask[0]=11111111011111111101111111111110, sa_flags=SA_RESTART|SA_SIGINFO
SIGBUS: [libjvm.so+0xa69040], sa_mask[0]=11111111011111111101111111111110, sa_flags=SA_RESTART|SA_SIGINFO
SIGFPE: [libjvm.so+0x8b2170], sa_mask[0]=11111111011111111101111111111110, sa_flags=SA_RESTART|SA_SIGINFO
SIGPIPE: [libjvm.so+0x8b2170], sa_mask[0]=11111111011111111101111111111110, sa_flags=SA_RESTART|SA_SIGINFO
SIGXFSZ: [libjvm.so+0x8b2170], sa_mask[0]=11111111011111111101111111111110, sa_flags=SA_RESTART|SA_SIGINFO
SIGILL: [libjvm.so+0x8b2170], sa_mask[0]=11111111011111111101111111111110, sa_flags=SA_RESTART|SA_SIGINFO
SIGUSR1: SIG_DFL, sa_mask[0]=00000000000000000000000000000000, sa_flags=none
SIGUSR2: [libjvm.so+0x8b2020], sa_mask[0]=00000000000000000000000000000000, sa_flags=SA_RESTART|SA_SIGINFO
SIGHUP: SIG_DFL, sa_mask[0]=00000000000000000000000000000000, sa_flags=none
SIGINT: SIG_DFL, sa_mask[0]=00000000000000000000000000000000, sa_flags=none
SIGTERM: SIG_DFL, sa_mask[0]=00000000000000000000000000000000, sa_flags=none
SIGQUIT: SIG_DFL, sa_mask[0]=00000000000000000000000000000000, sa_flags=none


---------------  S Y S T E M  ---------------

OS:DISTRIB_ID=Ubuntu
DISTRIB_RELEASE=16.04
DISTRIB_CODENAME=xenial
DISTRIB_DESCRIPTION="Ubuntu 16.04.3 LTS"

uname:Linux 4.13.0-32-generic #35~16.04.1-Ubuntu SMP Thu Jan 25 10:13:43 UTC 2018 x86_64
libc:glibc 2.23 NPTL 2.23 
rlimit: STACK 8192k, CORE 0k, NPROC 62690, NOFILE 1048576, AS infinity
load average:17.55 18.74 16.75

/proc/meminfo:
MemTotal:       16102640 kB
MemFree:          134340 kB
MemAvailable:      60984 kB
Buffers:            2504 kB
Cached:           254596 kB
SwapCached:        69548 kB
Active:         14025032 kB
Inactive:        1317132 kB
Active(anon):   13963024 kB
Inactive(anon):  1268652 kB
Active(file):      62008 kB
Inactive(file):    48480 kB
Unevictable:         376 kB
Mlocked:             376 kB
SwapTotal:      16445436 kB
SwapFree:           4744 kB
Dirty:               368 kB
Writeback:           148 kB
AnonPages:      15016936 kB
Mapped:           163152 kB
Shmem:            146920 kB
Slab:             179752 kB
SReclaimable:      77256 kB
SUnreclaim:       102496 kB
KernelStack:       30688 kB
PageTables:       220224 kB
NFS_Unstable:          0 kB
Bounce:                0 kB
WritebackTmp:          0 kB
CommitLimit:    24496756 kB
Committed_AS:   47023224 kB
VmallocTotal:   34359738367 kB
VmallocUsed:           0 kB
VmallocChunk:          0 kB
HardwareCorrupted:     0 kB
AnonHugePages:         0 kB
ShmemHugePages:        0 kB
ShmemPmdMapped:        0 kB
CmaTotal:              0 kB
CmaFree:               0 kB
HugePages_Total:       0
HugePages_Free:        0
HugePages_Rsvd:        0
HugePages_Surp:        0
Hugepagesize:       2048 kB
DirectMap4k:     2040416 kB
DirectMap2M:    14409728 kB
DirectMap1G:     1048576 kB


CPU:total 8 (initial active 8) (4 cores per cpu, 2 threads per core) family 6 model 60 stepping 3, cmov, cx8, fxsr, mmx, sse, sse2, sse3, ssse3, sse4.1, sse4.2, popcnt, avx, avx2, aes, clmul, erms, lzcnt, ht, tsc, tscinvbit, bmi1, bmi2

/proc/cpuinfo:
processor	: 0
vendor_id	: GenuineIntel
cpu family	: 6
model		: 60
model name	: Intel(R) Core(TM) i7-4770K CPU @ 3.50GHz
stepping	: 3
microcode	: 0x22
cpu MHz		: 3498.139
cache size	: 8192 KB
physical id	: 0
siblings	: 8
core id		: 0
cpu cores	: 4
apicid		: 0
initial apicid	: 0
fpu		: yes
fpu_exception	: yes
cpuid level	: 13
wp		: yes
flags		: fpu vme de pse tsc msr pae mce cx8 apic sep mtrr pge mca cmov pat pse36 clflush dts acpi mmx fxsr sse sse2 ss ht tm pbe syscall nx pdpe1gb rdtscp lm constant_tsc arch_perfmon pebs bts rep_good nopl xtopology nonstop_tsc cpuid aperfmperf pni pclmulqdq dtes64 monitor ds_cpl vmx est tm2 ssse3 sdbg fma cx16 xtpr pdcm pcid sse4_1 sse4_2 movbe popcnt tsc_deadline_timer aes xsave avx f16c rdrand lahf_lm abm cpuid_fault epb invpcid_single pti tpr_shadow vnmi flexpriority ept vpid fsgsbase tsc_adjust bmi1 avx2 smep bmi2 erms invpcid xsaveopt dtherm ida arat pln pts
bugs		: cpu_meltdown spectre_v1 spectre_v2
bogomips	: 6996.27
clflush size	: 64
cache_alignment	: 64
address sizes	: 39 bits physical, 48 bits virtual
power management:

processor	: 1
vendor_id	: GenuineIntel
cpu family	: 6
model		: 60
model name	: Intel(R) Core(TM) i7-4770K CPU @ 3.50GHz
stepping	: 3
microcode	: 0x22
cpu MHz		: 3498.139
cache size	: 8192 KB
physical id	: 0
siblings	: 8
core id		: 1
cpu cores	: 4
apicid		: 2
initial apicid	: 2
fpu		: yes
fpu_exception	: yes
cpuid level	: 13
wp		: yes
flags		: fpu vme de pse tsc msr pae mce cx8 apic sep mtrr pge mca cmov pat pse36 clflush dts acpi mmx fxsr sse sse2 ss ht tm pbe syscall nx pdpe1gb rdtscp lm constant_tsc arch_perfmon pebs bts rep_good nopl xtopology nonstop_tsc cpuid aperfmperf pni pclmulqdq dtes64 monitor ds_cpl vmx est tm2 ssse3 sdbg fma cx16 xtpr pdcm pcid sse4_1 sse4_2 movbe popcnt tsc_deadline_timer aes xsave avx f16c rdrand lahf_lm abm cpuid_fault epb invpcid_single pti tpr_shadow vnmi flexpriority ept vpid fsgsbase tsc_adjust bmi1 avx2 smep bmi2 erms invpcid xsaveopt dtherm ida arat pln pts
bugs		: cpu_meltdown spectre_v1 spectre_v2
bogomips	: 6996.27
clflush size	: 64
cache_alignment	: 64
address sizes	: 39 bits physical, 48 bits virtual
power management:

processor	: 2
vendor_id	: GenuineIntel
cpu family	: 6
model		: 60
model name	: Intel(R) Core(TM) i7-4770K CPU @ 3.50GHz
stepping	: 3
microcode	: 0x22
cpu MHz		: 3498.139
cache size	: 8192 KB
physical id	: 0
siblings	: 8
core id		: 2
cpu cores	: 4
apicid		: 4
initial apicid	: 4
fpu		: yes
fpu_exception	: yes
cpuid level	: 13
wp		: yes
flags		: fpu vme de pse tsc msr pae mce cx8 apic sep mtrr pge mca cmov pat pse36 clflush dts acpi mmx fxsr sse sse2 ss ht tm pbe syscall nx pdpe1gb rdtscp lm constant_tsc arch_perfmon pebs bts rep_good nopl xtopology nonstop_tsc cpuid aperfmperf pni pclmulqdq dtes64 monitor ds_cpl vmx est tm2 ssse3 sdbg fma cx16 xtpr pdcm pcid sse4_1 sse4_2 movbe popcnt tsc_deadline_timer aes xsave avx f16c rdrand lahf_lm abm cpuid_fault epb invpcid_single pti tpr_shadow vnmi flexpriority ept vpid fsgsbase tsc_adjust bmi1 avx2 smep bmi2 erms invpcid xsaveopt dtherm ida arat pln pts
bugs		: cpu_meltdown spectre_v1 spectre_v2
bogomips	: 6996.27
clflush size	: 64
cache_alignment	: 64
address sizes	: 39 bits physical, 48 bits virtual
power management:

processor	: 3
vendor_id	: GenuineIntel
cpu family	: 6
model		: 60
model name	: Intel(R) Core(TM) i7-4770K CPU @ 3.50GHz
stepping	: 3
microcode	: 0x22
cpu MHz		: 3498.139
cache size	: 8192 KB
physical id	: 0
siblings	: 8
core id		: 3
cpu cores	: 4
apicid		: 6
initial apicid	: 6
fpu		: yes
fpu_exception	: yes
cpuid level	: 13
wp		: yes
flags		: fpu vme de pse tsc msr pae mce cx8 apic sep mtrr pge mca cmov pat pse36 clflush dts acpi mmx fxsr sse sse2 ss ht tm pbe syscall nx pdpe1gb rdtscp lm constant_tsc arch_perfmon pebs bts rep_good nopl xtopology nonstop_tsc cpuid aperfmperf pni pclmulqdq dtes64 monitor ds_cpl vmx est tm2 ssse3 sdbg fma cx16 xtpr pdcm pcid sse4_1 sse4_2 movbe popcnt tsc_deadline_timer aes xsave avx f16c rdrand lahf_lm abm cpuid_fault epb invpcid_single pti tpr_shadow vnmi flexpriority ept vpid fsgsbase tsc_adjust bmi1 avx2 smep bmi2 erms invpcid xsaveopt dtherm ida arat pln pts
bugs		: cpu_meltdown spectre_v1 spectre_v2
bogomips	: 6996.27
clflush size	: 64
cache_alignment	: 64
address sizes	: 39 bits physical, 48 bits virtual
power management:

processor	: 4
vendor_id	: GenuineIntel
cpu family	: 6
model		: 60
model name	: Intel(R) Core(TM) i7-4770K CPU @ 3.50GHz
stepping	: 3
microcode	: 0x22
cpu MHz		: 3498.139
cache size	: 8192 KB
physical id	: 0
siblings	: 8
core id		: 0
cpu cores	: 4
apicid		: 1
initial apicid	: 1
fpu		: yes
fpu_exception	: yes
cpuid level	: 13
wp		: yes
flags		: fpu vme de pse tsc msr pae mce cx8 apic sep mtrr pge mca cmov pat pse36 clflush dts acpi mmx fxsr sse sse2 ss ht tm pbe syscall nx pdpe1gb rdtscp lm constant_tsc arch_perfmon pebs bts rep_good nopl xtopology nonstop_tsc cpuid aperfmperf pni pclmulqdq dtes64 monitor ds_cpl vmx est tm2 ssse3 sdbg fma cx16 xtpr pdcm pcid sse4_1 sse4_2 movbe popcnt tsc_deadline_timer aes xsave avx f16c rdrand lahf_lm abm cpuid_fault epb invpcid_single pti tpr_shadow vnmi flexpriority ept vpid fsgsbase tsc_adjust bmi1 avx2 smep bmi2 erms invpcid xsaveopt dtherm ida arat pln pts
bugs		: cpu_meltdown spectre_v1 spectre_v2
bogomips	: 6996.27
clflush size	: 64
cache_alignment	: 64
address sizes	: 39 bits physical, 48 bits virtual
power management:

processor	: 5
vendor_id	: GenuineIntel
cpu family	: 6
model		: 60
model name	: Intel(R) Core(TM) i7-4770K CPU @ 3.50GHz
stepping	: 3
microcode	: 0x22
cpu MHz		: 3498.139
cache size	: 8192 KB
physical id	: 0
siblings	: 8
core id		: 1
cpu cores	: 4
apicid		: 3
initial apicid	: 3
fpu		: yes
fpu_exception	: yes
cpuid level	: 13
wp		: yes
flags		: fpu vme de pse tsc msr pae mce cx8 apic sep mtrr pge mca cmov pat pse36 clflush dts acpi mmx fxsr sse sse2 ss ht tm pbe syscall nx pdpe1gb rdtscp lm constant_tsc arch_perfmon pebs bts rep_good nopl xtopology nonstop_tsc cpuid aperfmperf pni pclmulqdq dtes64 monitor ds_cpl vmx est tm2 ssse3 sdbg fma cx16 xtpr pdcm pcid sse4_1 sse4_2 movbe popcnt tsc_deadline_timer aes xsave avx f16c rdrand lahf_lm abm cpuid_fault epb invpcid_single pti tpr_shadow vnmi flexpriority ept vpid fsgsbase tsc_adjust bmi1 avx2 smep bmi2 erms invpcid xsaveopt dtherm ida arat pln pts
bugs		: cpu_meltdown spectre_v1 spectre_v2
bogomips	: 6996.27
clflush size	: 64
cache_alignment	: 64
address sizes	: 39 bits physical, 48 bits virtual
power management:

processor	: 6
vendor_id	: GenuineIntel
cpu family	: 6
model		: 60
model name	: Intel(R) Core(TM) i7-4770K CPU @ 3.50GHz
stepping	: 3
microcode	: 0x22
cpu MHz		: 3498.139
cache size	: 8192 KB
physical id	: 0
siblings	: 8
core id		: 2
cpu cores	: 4
apicid		: 5
initial apicid	: 5
fpu		: yes
fpu_exception	: yes
cpuid level	: 13
wp		: yes
flags		: fpu vme de pse tsc msr pae mce cx8 apic sep mtrr pge mca cmov pat pse36 clflush dts acpi mmx fxsr sse sse2 ss ht tm pbe syscall nx pdpe1gb rdtscp lm constant_tsc arch_perfmon pebs bts rep_good nopl xtopology nonstop_tsc cpuid aperfmperf pni pclmulqdq dtes64 monitor ds_cpl vmx est tm2 ssse3 sdbg fma cx16 xtpr pdcm pcid sse4_1 sse4_2 movbe popcnt tsc_deadline_timer aes xsave avx f16c rdrand lahf_lm abm cpuid_fault epb invpcid_single pti tpr_shadow vnmi flexpriority ept vpid fsgsbase tsc_adjust bmi1 avx2 smep bmi2 erms invpcid xsaveopt dtherm ida arat pln pts
bugs		: cpu_meltdown spectre_v1 spectre_v2
bogomips	: 6996.27
clflush size	: 64
cache_alignment	: 64
address sizes	: 39 bits physical, 48 bits virtual
power management:

processor	: 7
vendor_id	: GenuineIntel
cpu family	: 6
model		: 60
model name	: Intel(R) Core(TM) i7-4770K CPU @ 3.50GHz
stepping	: 3
microcode	: 0x22
cpu MHz		: 3498.139
cache size	: 8192 KB
physical id	: 0
siblings	: 8
core id		: 3
cpu cores	: 4
apicid		: 7
initial apicid	: 7
fpu		: yes
fpu_exception	: yes
cpuid level	: 13
wp		: yes
flags		: fpu vme de pse tsc msr pae mce cx8 apic sep mtrr pge mca cmov pat pse36 clflush dts acpi mmx fxsr sse sse2 ss ht tm pbe syscall nx pdpe1gb rdtscp lm constant_tsc arch_perfmon pebs bts rep_good nopl xtopology nonstop_tsc cpuid aperfmperf pni pclmulqdq dtes64 monitor ds_cpl vmx est tm2 ssse3 sdbg fma cx16 xtpr pdcm pcid sse4_1 sse4_2 movbe popcnt tsc_deadline_timer aes xsave avx f16c rdrand lahf_lm abm cpuid_fault epb invpcid_single pti tpr_shadow vnmi flexpriority ept vpid fsgsbase tsc_adjust bmi1 avx2 smep bmi2 erms invpcid xsaveopt dtherm ida arat pln pts
bugs		: cpu_meltdown spectre_v1 spectre_v2
bogomips	: 6996.27
clflush size	: 64
cache_alignment	: 64
address sizes	: 39 bits physical, 48 bits virtual
power management:



Memory: 4k page, physical 16102640k(133720k free), swap 16445436k(4744k free)

vm_info: OpenJDK 64-Bit Server VM (25.151-b12) for linux-amd64 JRE (1.8.0_151-8u151-b12-0ubuntu0.16.04.2-b12), built on Oct 27 2017 21:59:02 by "buildd" with gcc 5.4.0 20160609

time: Sat Feb 10 14:26:58 2018
elapsed time: 0 seconds (0d 0h 0m 0s)

